<?xml version="1.0" encoding="UTF-8" standalone="no"?>
<!DOCTYPE log SYSTEM "logger.dtd">
<log>
<record>
  <date>2018-09-23T12:13:23</date>
  <millis>1537697603069</millis>
  <sequence>2</sequence>
  <logger>Forms.LOOGIN</logger>
  <level>INFO</level>
  <class>Forms.LOOGIN</class>
  <method>JButtonActionPerformed</method>
  <thread>13</thread>
  <message>first my log</message>
</record>
<record>
  <date>2018-09-23T12:13:25</date>
  <millis>1537697605632</millis>
  <sequence>3</sequence>
  <logger>Forms.LOOGIN</logger>
  <level>INFO</level>
  <class>Forms.LOOGIN</class>
  <method>JButtonActionPerformed</method>
  <thread>13</thread>
  <message>first my log</message>
</record>
</log>
